<?xml version="1.0" encoding="UTF-8"?>
<!-- Generated by org.testng.reporters.JUnitXMLReporter -->
<testsuite hostname="DESKTOP-P409EGR" ignored="0" name="GoogleCalculatorTest" tests="1" failures="1" timestamp="2022-03-17T13:22:54 MSK" time="26.479" errors="0">
  <testcase name="ifCostsFromEmailAndCalculatorEqual" time="23.067" classname="test.testIfTheCostsCoincide">
    <failure type="org.openqa.selenium.TimeoutException" message="Expected condition failed: waiting for presence of element located by: By.xpath: //devsite-iframe//iframe[@allow=&amp;apos;clipboard-write https://cloud-dot-devsite-v2-prod.appspot.com&amp;apos;] (tried for 10 second(s) with 500 milliseconds interval)">
      <![CDATA[org.openqa.selenium.TimeoutException: Expected condition failed: waiting for presence of element located by: By.xpath: //devsite-iframe//iframe[@allow='clipboard-write https://cloud-dot-devsite-v2-prod.appspot.com'] (tried for 10 second(s) with 500 milliseconds interval)
at org.openqa.selenium.support.ui.WebDriverWait.timeoutException(WebDriverWait.java:138)
at org.openqa.selenium.support.ui.FluentWait.until(FluentWait.java:231)
at hardcore_from_webdriver_pages.GoogleCalculatorAbstractContainer.makeTheProgramWaitPresenceOfElementLocated(GoogleCalculatorAbstractContainer.java:14)
at hardcore_from_webdriver_pages.calculator.GoogleCloudCalculatorInitialSettings.changeFrame(GoogleCloudCalculatorInitialSettings.java:119)
at steps.StepClass.implementGoogleCalculatorSettings(StepClass.java:28)
at test.testIfTheCostsCoincide.ifCostsFromEmailAndCalculatorEqual(testIfTheCostsCoincide.java:28)
at java.util.ArrayList.forEach(ArrayList.java:1259)
Caused by: org.openqa.selenium.NoSuchElementException: no such element: Unable to locate element: {"method":"xpath","selector":"//devsite-iframe//iframe[@allow='clipboard-write https://cloud-dot-devsite-v2-prod.appspot.com']"}
  (Session info: chrome=99.0.4844.51)
For documentation on this error, please visit: https://selenium.dev/exceptions/#no_such_element
Build info: version: '4.0.0', revision: '3a21814679'
System info: host: 'DESKTOP-P409EGR', ip: '192.168.100.24', os.name: 'Windows 10', os.arch: 'amd64', os.version: '10.0', java.version: '1.8.0_301'
Driver info: org.openqa.selenium.chrome.ChromeDriver
Command: [a1fc0cd1d3fd97b0c6d71a350eddbd00, findElement {using=xpath, value=//devsite-iframe//iframe[@allow='clipboard-write https://cloud-dot-devsite-v2-prod.appspot.com']}]
Capabilities {acceptInsecureCerts: false, browserName: chrome, browserVersion: 99.0.4844.51, chrome: {chromedriverVersion: 99.0.4844.51 (d537ec02474b5..., userDataDir: C:\Users\user\AppData\Local...}, goog:chromeOptions: {debuggerAddress: localhost:7613}, javascriptEnabled: true, networkConnectionEnabled: false, pageLoadStrategy: normal, platform: WINDOWS, platformName: WINDOWS, proxy: Proxy(), se:cdp: ws://localhost:7613/devtool..., se:cdpVersion: 99.0.4844.51, setWindowRect: true, strictFileInteractability: false, timeouts: {implicit: 0, pageLoad: 300000, script: 30000}, unhandledPromptBehavior: dismiss and notify, webauthn:extension:credBlob: true, webauthn:extension:largeBlob: true, webauthn:virtualAuthenticators: true}
Session ID: a1fc0cd1d3fd97b0c6d71a350eddbd00
at org.openqa.selenium.remote.codec.w3c.W3CHttpResponseCodec.createException(W3CHttpResponseCodec.java:200)
at org.openqa.selenium.remote.codec.w3c.W3CHttpResponseCodec.decode(W3CHttpResponseCodec.java:133)
at org.openqa.selenium.remote.codec.w3c.W3CHttpResponseCodec.decode(W3CHttpResponseCodec.java:53)
at org.openqa.selenium.remote.HttpCommandExecutor.execute(HttpCommandExecutor.java:184)
at org.openqa.selenium.remote.service.DriverCommandExecutor.invokeExecute(DriverCommandExecutor.java:164)
at org.openqa.selenium.remote.service.DriverCommandExecutor.execute(DriverCommandExecutor.java:139)
at org.openqa.selenium.remote.RemoteWebDriver.execute(RemoteWebDriver.java:559)
at org.openqa.selenium.remote.ElementLocation$ElementFinder$2.findElement(ElementLocation.java:162)
at org.openqa.selenium.remote.ElementLocation.findElement(ElementLocation.java:60)
at org.openqa.selenium.remote.RemoteWebDriver.findElement(RemoteWebDriver.java:383)
at org.openqa.selenium.remote.RemoteWebDriver.findElement(RemoteWebDriver.java:375)
at org.openqa.selenium.support.ui.ExpectedConditions$6.apply(ExpectedConditions.java:174)
at org.openqa.selenium.support.ui.ExpectedConditions$6.apply(ExpectedConditions.java:171)
at org.openqa.selenium.support.ui.FluentWait.until(FluentWait.java:208)
... 36 more
... Removed 34 stack frames]]>
    </failure>
  </testcase> <!-- ifCostsFromEmailAndCalculatorEqual -->
</testsuite> <!-- GoogleCalculatorTest -->
